<?xml version="1.0" encoding="UTF-8" ?>
<testsuite errors="0" failures="0" hostname="lonewolf-Ubuntu" name="edu.columbia.mipl.compiler.CompilerTest" tests="1" time="21.935" timestamp="2012-04-25T20:41:37">
  <properties>
[...]
</properties>
  <testcase classname="edu.columbia.mipl.compiler.CompilerTest" name="testExecutionSuccess" time="21.857" />
  <system-out><![CDATA[ ----- Query 'eadd(X, Y)?':
A Possible Solution Set:
Y = 5.0
X = 5.0
A Possible Solution Set:
Y = 5.0
X = 5.0
success
 ----- Query 'esub(X, Y)?':
A Possible Solution Set:
Y = -1.0
X = -3.0
A Possible Solution Set:
Y = 3.0
X = 1.0
success
 ----- Query 'r(X)?':
A Possible Solution Set:
X = 58.0
A Possible Solution Set:
X = 130.0
success
 ----- Query 'm(*)?':
26.0 32.0 |
58.0 72.0 |
----------------------------
success
 ----- Query 'r(*)?':
58.0 |
130.0 |
----------------------------
success
 ----- Query 'say(X, Y)?':
A Possible Solution Set:
Y = world
X = hello
success
 ----- Query 'sum(*)?':
40.0 60.0 |
----------------------------
success
 ----- Query 'c(*)?':
30.0 40.0 |
----------------------------
success
 ----- Query 'b(*)?':
10.0 20.0 |
----------------------------
success
 ----- Query 'eff(X, Y, Z)?':
A Possible Solution Set:
Y = 2.0
X = 2.0
Z = 3.0
A Possible Solution Set:
Y = 4.0
X = 2.0
Z = 4.0
A Possible Solution Set:
Y = 4.0
X = 3.0
Z = 6.0
success
 ----- Query 'neff(X, Y, Z)?':
A Possible Solution Set:
Y = 2.0
X = 1.0
Z = 3.0
A Possible Solution Set:
Y = 3.0
X = 2.0
Z = 4.0
A Possible Solution Set:
Y = 4.0
X = 3.0
Z = 5.0
success
 ----- Query 'target(X, Y, Z)?':
A Possible Solution Set:
Y = 12.0
X = 6.0
Z = 18.0
A Possible Solution Set:
Y = 18.0
X = 12.0
Z = 24.0
A Possible Solution Set:
Y = 24.0
X = 18.0
Z = 30.0
success
 ----- Query 'dataset(X, Y, Z)?':
A Possible Solution Set:
Y = 1.0
X = 0.0
Z = 2.0
A Possible Solution Set:
Y = 1.0
X = 0.0
Z = 5.0
success
 ----- Query 'eadd(X, Y)?':
A Possible Solution Set:
Y = 5.0
X = 5.0
A Possible Solution Set:
Y = 5.0
X = 5.0
success
 ----- Query 'esub(X, Y)?':
A Possible Solution Set:
Y = -1.0
X = -3.0
A Possible Solution Set:
Y = 3.0
X = 1.0
success
 ----- Query 'emul(X, Y)?':
A Possible Solution Set:
Y = 5.0
X = 8.0
A Possible Solution Set:
Y = 13.0
X = 20.0
success
 ----- Query 'ediv(X, Y)?':
A Possible Solution Set:
Y = -2.5
X = 1.5
A Possible Solution Set:
Y = -3.5
X = 2.5
success
 ----- Query 'target(X, Y, Z)?':
A Possible Solution Set:
Y = 12.0
X = 6.0
Z = 18.0
A Possible Solution Set:
Y = 18.0
X = 12.0
Z = 24.0
A Possible Solution Set:
Y = 24.0
X = 18.0
Z = 30.0
success
 ----- Query 'result(X)?':
A Possible Solution Set:
X = -0.5
A Possible Solution Set:
X = 1.5
A Possible Solution Set:
X = -1.5
A Possible Solution Set:
X = 0.5
success
 ----- Query '.a.(X)?':
A Possible Solution Set:
X = tom
A Possible Solution Set:
X = john
success
 ----- Query 'say(X, ^[helo]+$)?':
A Possible Solution Set:
X = greeting
success
 ----- Query 'cat(tom)?':
success
 ----- Query 'cat(X)?':
A Possible Solution Set:
X = tom
A Possible Solution Set:
X = foo
success
 ----- Query 'animal(tom)?':
success
 ----- Query 'animal(jane)?':
fail
 ----- Query 'weighted_grade(*)?':
95.0 |
84.7 |
95.0 |
----------------------------
success
 ----- Query 'move(3.0, a, b, c)?':
Move top disk from a to b
Move top disk from a to c
Move top disk from b to c
Move top disk from a to b
Move top disk from c to a
Move top disk from c to b
Move top disk from a to b
success
]]></system-out>
  <system-err><![CDATA[]]></system-err>
</testsuite>
